Copyright 1986-2019 Xilinx, Inc. All Rights Reserved.
------------------------------------------------------------------------------------
| Tool Version : Vivado v.2019.2 (lin64) Build 2708876 Wed Nov  6 21:39:14 MST 2019
| Date         : Mon Apr 20 05:20:34 2020
| Host         : lenovo-g500 running 64-bit Ubuntu 18.04.2 LTS
| Command      : upgrade_ip
| Device       : xc7z020clg400-1
------------------------------------------------------------------------------------

Upgrade Log for IP 'design_1_sha256_0_3'

1. Summary
----------

SUCCESS in the upgrade of design_1_sha256_0_3 (sanjay:hls:sha256:1.0) from (Rev. 2004191844) to (Rev. 2004192311)






Copyright 1986-2019 Xilinx, Inc. All Rights Reserved.
------------------------------------------------------------------------------------
| Tool Version : Vivado v.2019.2 (lin64) Build 2708876 Wed Nov  6 21:39:14 MST 2019
| Date         : Sun Apr 19 18:48:11 2020
| Host         : lenovo-g500 running 64-bit Ubuntu 18.04.2 LTS
| Command      : upgrade_ip
| Device       : xc7z020clg400-1
------------------------------------------------------------------------------------

Upgrade Log for IP 'design_1_sha256_0_3'

1. Summary
----------

SUCCESS in the upgrade of design_1_sha256_0_3 (sanjay:hls:sha256:1.0) from (Rev. 2004182344) to (Rev. 2004191844)






Copyright 1986-2019 Xilinx, Inc. All Rights Reserved.
------------------------------------------------------------------------------------
| Tool Version : Vivado v.2019.2 (lin64) Build 2708876 Wed Nov  6 21:39:14 MST 2019
| Date         : Sun Apr 19 13:32:08 2020
| Host         : lenovo-g500 running 64-bit Ubuntu 18.04.2 LTS
| Command      : upgrade_ip
| Device       : xc7z020clg400-1
------------------------------------------------------------------------------------

Upgrade Log for IP 'design_1_sha256_0_3'

1. Summary
----------

SUCCESS in the upgrade of design_1_sha256_0_3 (sanjay:hls:sha256:1.0) from (Rev. 2004181130) to (Rev. 2004182344)






Copyright 1986-2019 Xilinx, Inc. All Rights Reserved.
------------------------------------------------------------------------------------
| Tool Version : Vivado v.2019.2 (lin64) Build 2708876 Wed Nov  6 21:39:14 MST 2019
| Date         : Sat Apr 18 11:39:30 2020
| Host         : lenovo-g500 running 64-bit Ubuntu 18.04.2 LTS
| Command      : upgrade_ip
| Device       : xc7z020clg400-1
------------------------------------------------------------------------------------

Upgrade Log for IP 'design_1_sha256_0_0'

1. Summary
----------

SUCCESS in the upgrade of design_1_sha256_0_0 (sanjay:hls:sha256:1.0) from (Rev. 2004171152) to (Rev. 2004181130)






Copyright 1986-2019 Xilinx, Inc. All Rights Reserved.
------------------------------------------------------------------------------------
| Tool Version : Vivado v.2019.2 (lin64) Build 2708876 Wed Nov  6 21:39:14 MST 2019
| Date         : Fri Apr 17 12:26:55 2020
| Host         : lenovo-g500 running 64-bit Ubuntu 18.04.2 LTS
| Command      : upgrade_ip
| Device       : xc7z020clg400-1
------------------------------------------------------------------------------------

Upgrade Log for IP 'design_1_sha256_0_0'

1. Summary
----------

CAUTION (success, with warnings) in the upgrade of design_1_sha256_0_0 (sanjay:hls:sha256:1.0) from (Rev. 2004151749) to (Rev. 2004171152)

After upgrade, an IP may have parameter and port differences compared to the original customization. Please review the parameters within the IP customization GUI to ensure proper functionality. Also, please review the updated IP instantiation template to ensure proper connectivity, and update your design if required.

2. Connection Warnings
----------------------

Detected external port differences while upgrading 'design_1_sha256_0_0'. These changes may impact your design.


-Upgraded port 'in_stream_a_TDATA' width 32 differs from original width 8

-Upgraded port 'out_stream_TDATA' width 32 differs from original width 8


